<?xml version="1.0" encoding="utf-8"?><testsuites name="pytest tests"><testsuite name="pytest" errors="0" failures="0" skipped="0" tests="532" time="29.568" timestamp="2026-04-29T15:43:50.906444+02:00" hostname="z230"><testcase classname="tests.test_github_resolver.TestGitHubLicenseResult" name="test_is_frozen" time="0.001" /><testcase classname="tests.test_github_resolver.TestGitHubLicenseResult" name="test_frozen_prevents_new_attribute" time="0.000" /><testcase classname="tests.test_github_resolver.TestGitHubLicenseResult" name="test_fields" time="0.001" /><testcase classname="tests.test_github_resolver.TestGitHubLicenseResult" name="test_ref_is_version_tag_false" time="0.000" /><testcase classname="tests.test_github_resolver.TestGitHubLicenseResult" name="test_confidence_zero_is_valid" time="0.000" /><testcase classname="tests.test_github_resolver.TestScoreCandidate" name="test_exact_name_match_scores_highest" time="0.014" /><testcase classname="tests.test_github_resolver.TestScoreCandidate" name="test_hyphen_underscore_variant" time="0.001" /><testcase classname="tests.test_github_resolver.TestScoreCandidate" name="test_underscore_hyphen_variant" time="0.001" /><testcase classname="tests.test_github_resolver.TestScoreCandidate" name="test_prefix_match" time="0.001" /><testcase classname="tests.test_github_resolver.TestScoreCandidate" name="test_suffix_match" time="0.001" /><testcase classname="tests.test_github_resolver.TestScoreCandidate" name="test_substring_match" time="0.001" /><testcase classname="tests.test_github_resolver.TestScoreCandidate" name="test_no_name_overlap_returns_zero" time="0.001" /><testcase classname="tests.test_github_resolver.TestScoreCandidate" name="test_fork_is_penalised" time="0.001" /><testcase classname="tests.test_github_resolver.TestScoreCandidate" name="test_archived_is_penalised" time="0.001" /><testcase classname="tests.test_github_resolver.TestScoreCandidate" name="test_popular_repo_scores_higher" time="0.001" /><testcase classname="tests.test_github_resolver.TestScoreCandidate" name="test_org_name_bonus" time="0.001" /><testcase classname="tests.test_github_resolver.TestScoreCandidate" name="test_score_capped_at_one" time="0.001" /><testcase classname="tests.test_github_resolver.TestScoreCandidate" name="test_score_never_negative" time="0.001" /><testcase classname="tests.test_github_resolver.TestScoreCandidate" name="test_fork_and_archived_penalties_are_independent" time="0.001" /><testcase classname="tests.test_github_resolver.TestScoreCandidate" name="test_exact_match_beats_prefix_match" time="0.001" /><testcase classname="tests.test_github_resolver.TestScoreCandidate" name="test_case_insensitive_pkg_name" time="0.001" /><testcase classname="tests.test_github_resolver.TestFindRef" name="test_v_prefix_tag_found" time="0.003" /><testcase classname="tests.test_github_resolver.TestFindRef" name="test_bare_version_tag_found" time="0.001" /><testcase classname="tests.test_github_resolver.TestFindRef" name="test_repo_prefixed_tag" time="0.001" /><testcase classname="tests.test_github_resolver.TestFindRef" name="test_repo_v_prefixed_tag" time="0.001" /><testcase classname="tests.test_github_resolver.TestFindRef" name="test_release_hyphen_tag" time="0.001" /><testcase classname="tests.test_github_resolver.TestFindRef" name="test_release_slash_tag" time="0.001" /><testcase classname="tests.test_github_resolver.TestFindRef" name="test_release_slash_bare_tag" time="0.001" /><testcase classname="tests.test_github_resolver.TestFindRef" name="test_patch_extended_tag" time="0.001" /><testcase classname="tests.test_github_resolver.TestFindRef" name="test_no_matching_tag_falls_back_to_default_branch" time="0.001" /><testcase classname="tests.test_github_resolver.TestFindRef" name="test_empty_tag_list_falls_back_to_default_branch" time="0.001" /><testcase classname="tests.test_github_resolver.TestFindRef" name="test_tag_fetch_exception_falls_back" time="0.001" /><testcase classname="tests.test_github_resolver.TestFindRef" name="test_tag_fetch_http_error_falls_back" time="0.001" /><testcase classname="tests.test_github_resolver.TestFindRef" name="test_custom_default_branch_used_when_no_match" time="0.001" /><testcase classname="tests.test_github_resolver.TestFindRef" name="test_priority_order_v_prefix_wins_over_bare" time="0.001" /><testcase classname="tests.test_github_resolver.TestFindRef" name="test_priority_order_v_prefix_beats_repo_prefix" time="0.001" /><testcase classname="tests.test_github_resolver.TestResolveHappyPath" name="test_returns_result_with_version_tag" time="0.009" /><testcase classname="tests.test_github_resolver.TestResolveHappyPath" name="test_uses_default_branch_when_no_tag" time="0.003" /><testcase classname="tests.test_github_resolver.TestResolveHappyPath" name="test_source_url_is_version_specific" time="0.003" /><testcase classname="tests.test_github_resolver.TestResolveHappyPath" name="test_repo_url_is_correct" time="0.002" /><testcase classname="tests.test_github_resolver.TestResolveHappyPath" name="test_confidence_stored_in_result" time="0.002" /><testcase classname="tests.test_github_resolver.TestResolveHappyPath" name="test_license_name_stored_in_result" time="0.002" /><testcase classname="tests.test_github_resolver.TestResolveHappyPath" name="test_returns_none_for_unresolvable_package" time="0.001" /><testcase classname="tests.test_github_resolver.TestResolveHappyPath" name="test_result_is_githuplicenseresult_instance" time="0.002" /><testcase classname="tests.test_github_resolver.TestResolveHappyPath" name="test_multiple_candidates_best_score_wins" time="0.002" /><testcase classname="tests.test_github_resolver.TestResolveEdgeCases" name="test_no_candidates_returns_none" time="0.001" /><testcase classname="tests.test_github_resolver.TestResolveEdgeCases" name="test_low_confidence_returns_none" time="0.001" /><testcase classname="tests.test_github_resolver.TestResolveEdgeCases" name="test_below_min_confidence_threshold_returns_none" time="0.001" /><testcase classname="tests.test_github_resolver.TestResolveEdgeCases" name="test_rate_limit_on_search_returns_none" time="0.002" /><testcase classname="tests.test_github_resolver.TestResolveEdgeCases" name="test_rate_limit_on_license_returns_none" time="0.002" /><testcase classname="tests.test_github_resolver.TestResolveEdgeCases" name="test_404_license_returns_none" time="0.002" /><testcase classname="tests.test_github_resolver.TestResolveEdgeCases" name="test_500_on_search_returns_none" time="0.002" /><testcase classname="tests.test_github_resolver.TestResolveEdgeCases" name="test_noassertion_spdx_returns_none" time="0.002" /><testcase classname="tests.test_github_resolver.TestResolveEdgeCases" name="test_empty_spdx_id_returns_none" time="0.002" /><testcase classname="tests.test_github_resolver.TestResolveEdgeCases" name="test_null_license_field_returns_none" time="0.017" /><testcase classname="tests.test_github_resolver.TestResolveEdgeCases" name="test_missing_license_key_in_payload_returns_none" time="0.002" /><testcase classname="tests.test_github_resolver.TestResolveEdgeCases" name="test_network_error_on_search_returns_none" time="0.001" /><testcase classname="tests.test_github_resolver.TestResolveEdgeCases" name="test_network_error_on_search_does_not_propagate" time="0.001" /><testcase classname="tests.test_github_resolver.TestResolveEdgeCases" name="test_network_error_on_tags_falls_back_to_default_branch" time="0.001" /><testcase classname="tests.test_github_resolver.TestCache" name="test_hit_returns_same_object" time="0.002" /><testcase classname="tests.test_github_resolver.TestCache" name="test_none_result_is_cached" time="0.002" /><testcase classname="tests.test_github_resolver.TestCache" name="test_cache_is_case_insensitive_on_package_name" time="0.002" /><testcase classname="tests.test_github_resolver.TestCache" name="test_different_versions_are_different_cache_keys" time="0.003" /><testcase classname="tests.test_github_resolver.TestCache" name="test_different_packages_are_different_cache_keys" time="0.003" /><testcase classname="tests.test_github_resolver.TestContextManager" name="test_enter_returns_self" time="0.001" /><testcase classname="tests.test_github_resolver.TestContextManager" name="test_close_called_on_exit" time="0.001" /><testcase classname="tests.test_github_resolver.TestContextManager" name="test_close_called_on_exception" time="0.001" /><testcase classname="tests.test_github_resolver.TestContextManager" name="test_explicit_close_releases_http" time="0.001" /><testcase classname="tests.test_github_resolver.TestPackageResolverIntegration" name="test_github_not_called_when_pypi_resolves" time="0.012" /><testcase classname="tests.test_github_resolver.TestPackageResolverIntegration" name="test_github_not_called_when_classifier_resolves" time="0.001" /><testcase classname="tests.test_github_resolver.TestPackageResolverIntegration" name="test_github_called_when_pypi_fails" time="0.001" /><testcase classname="tests.test_github_resolver.TestPackageResolverIntegration" name="test_github_not_invoked_when_resolver_is_none" time="0.001" /><testcase classname="tests.test_github_resolver.TestPackageResolverIntegration" name="test_github_result_stored_in_dep_info" time="0.001" /><testcase classname="tests.test_github_resolver.TestPackageResolverIntegration" name="test_github_result_license_info_populated" time="0.001" /><testcase classname="tests.test_github_resolver.TestPackageResolverIntegration" name="test_github_none_result_leaves_unknown" time="0.001" /><testcase classname="tests.test_github_resolver.TestPackageResolverIntegration" name="test_github_none_result_license_resolved_by_is_none" time="0.001" /><testcase classname="tests.test_github_resolver.TestPackageResolverIntegration" name="test_github_result_with_branch_fallback_annotates_url" time="0.001" /><testcase classname="tests.test_github_resolver.TestPackageResolverIntegration" name="test_github_result_with_version_tag_url_not_annotated" time="0.001" /><testcase classname="tests.test_license_db.TestGet" name="test_get_returns_license_info_for_all_known_ids[MIT]" time="0.001" /><testcase classname="tests.test_license_db.TestGet" name="test_get_returns_license_info_for_all_known_ids[Apache-2.0]" time="0.001" /><testcase classname="tests.test_license_db.TestGet" name="test_get_returns_license_info_for_all_known_ids[BSD-2-Clause]" time="0.001" /><testcase classname="tests.test_license_db.TestGet" name="test_get_returns_license_info_for_all_known_ids[BSD-3-Clause]" time="0.000" /><testcase classname="tests.test_license_db.TestGet" name="test_get_returns_license_info_for_all_known_ids[ISC]" time="0.000" /><testcase classname="tests.test_license_db.TestGet" name="test_get_returns_license_info_for_all_known_ids[LGPL-2.1]" time="0.000" /><testcase classname="tests.test_license_db.TestGet" name="test_get_returns_license_info_for_all_known_ids[LGPL-3.0]" time="0.000" /><testcase classname="tests.test_license_db.TestGet" name="test_get_returns_license_info_for_all_known_ids[MPL-2.0]" time="0.000" /><testcase classname="tests.test_license_db.TestGet" name="test_get_returns_license_info_for_all_known_ids[GPL-2.0]" time="0.000" /><testcase classname="tests.test_license_db.TestGet" name="test_get_returns_license_info_for_all_known_ids[GPL-3.0]" time="0.001" /><testcase classname="tests.test_license_db.TestGet" name="test_get_returns_license_info_for_all_known_ids[AGPL-3.0]" time="0.000" /><testcase classname="tests.test_license_db.TestGet" name="test_get_returns_license_info_for_all_known_ids[SSPL-1.0]" time="0.000" /><testcase classname="tests.test_license_db.TestGet" name="test_get_returns_license_info_for_all_known_ids[Unlicense]" time="0.000" /><testcase classname="tests.test_license_db.TestGet" name="test_get_returns_license_info_for_all_known_ids[CC0-1.0]" time="0.001" /><testcase classname="tests.test_license_db.TestGet" name="test_get_spdx_id_matches_key[MIT]" time="0.000" /><testcase classname="tests.test_license_db.TestGet" name="test_get_spdx_id_matches_key[Apache-2.0]" time="0.000" /><testcase classname="tests.test_license_db.TestGet" name="test_get_spdx_id_matches_key[BSD-2-Clause]" time="0.000" /><testcase classname="tests.test_license_db.TestGet" name="test_get_spdx_id_matches_key[BSD-3-Clause]" time="0.000" /><testcase classname="tests.test_license_db.TestGet" name="test_get_spdx_id_matches_key[ISC]" time="0.000" /><testcase classname="tests.test_license_db.TestGet" name="test_get_spdx_id_matches_key[LGPL-2.1]" time="0.000" /><testcase classname="tests.test_license_db.TestGet" name="test_get_spdx_id_matches_key[LGPL-3.0]" time="0.000" /><testcase classname="tests.test_license_db.TestGet" name="test_get_spdx_id_matches_key[MPL-2.0]" time="0.000" /><testcase classname="tests.test_license_db.TestGet" name="test_get_spdx_id_matches_key[GPL-2.0]" time="0.000" /><testcase classname="tests.test_license_db.TestGet" name="test_get_spdx_id_matches_key[GPL-3.0]" time="0.000" /><testcase classname="tests.test_license_db.TestGet" name="test_get_spdx_id_matches_key[AGPL-3.0]" time="0.000" /><testcase classname="tests.test_license_db.TestGet" name="test_get_spdx_id_matches_key[SSPL-1.0]" time="0.000" /><testcase classname="tests.test_license_db.TestGet" name="test_get_spdx_id_matches_key[Unlicense]" time="0.001" /><testcase classname="tests.test_license_db.TestGet" name="test_get_spdx_id_matches_key[CC0-1.0]" time="0.000" /><testcase classname="tests.test_license_db.TestGet" name="test_get_correct_family[MIT-permissive]" time="0.001" /><testcase classname="tests.test_license_db.TestGet" name="test_get_correct_family[Apache-2.0-permissive]" time="0.001" /><testcase classname="tests.test_license_db.TestGet" name="test_get_correct_family[BSD-2-Clause-permissive]" time="0.001" /><testcase classname="tests.test_license_db.TestGet" name="test_get_correct_family[BSD-3-Clause-permissive]" time="0.001" /><testcase classname="tests.test_license_db.TestGet" name="test_get_correct_family[ISC-permissive]" time="0.001" /><testcase classname="tests.test_license_db.TestGet" name="test_get_correct_family[LGPL-2.1-weak_copyleft]" time="0.001" /><testcase classname="tests.test_license_db.TestGet" name="test_get_correct_family[LGPL-3.0-weak_copyleft]" time="0.001" /><testcase classname="tests.test_license_db.TestGet" name="test_get_correct_family[MPL-2.0-weak_copyleft]" time="0.001" /><testcase classname="tests.test_license_db.TestGet" name="test_get_correct_family[GPL-2.0-strong_copyleft]" time="0.001" /><testcase classname="tests.test_license_db.TestGet" name="test_get_correct_family[GPL-3.0-strong_copyleft]" time="0.001" /><testcase classname="tests.test_license_db.TestGet" name="test_get_correct_family[AGPL-3.0-network_copyleft]" time="0.001" /><testcase classname="tests.test_license_db.TestGet" name="test_get_correct_family[SSPL-1.0-network_copyleft]" time="0.001" /><testcase classname="tests.test_license_db.TestGet" name="test_get_correct_family[Unlicense-public_domain]" time="0.001" /><testcase classname="tests.test_license_db.TestGet" name="test_get_correct_family[CC0-1.0-public_domain]" time="0.001" /><testcase classname="tests.test_license_db.TestGet" name="test_osi_approved_flag[MIT-True]" time="0.001" /><testcase classname="tests.test_license_db.TestGet" name="test_osi_approved_flag[Apache-2.0-True]" time="0.001" /><testcase classname="tests.test_license_db.TestGet" name="test_osi_approved_flag[GPL-3.0-True]" time="0.001" /><testcase classname="tests.test_license_db.TestGet" name="test_osi_approved_flag[AGPL-3.0-True]" time="0.001" /><testcase classname="tests.test_license_db.TestGet" name="test_osi_approved_flag[SSPL-1.0-False]" time="0.001" /><testcase classname="tests.test_license_db.TestGet" name="test_osi_approved_flag[CC0-1.0-False]" time="0.001" /><testcase classname="tests.test_license_db.TestGet" name="test_osi_approved_flag[Unlicense-True]" time="0.001" /><testcase classname="tests.test_license_db.TestGet" name="test_fsf_libre_flag[MIT-True]" time="0.001" /><testcase classname="tests.test_license_db.TestGet" name="test_fsf_libre_flag[Apache-2.0-True]" time="0.001" /><testcase classname="tests.test_license_db.TestGet" name="test_fsf_libre_flag[GPL-3.0-True]" time="0.001" /><testcase classname="tests.test_license_db.TestGet" name="test_fsf_libre_flag[AGPL-3.0-True]" time="0.001" /><testcase classname="tests.test_license_db.TestGet" name="test_fsf_libre_flag[SSPL-1.0-False]" time="0.001" /><testcase classname="tests.test_license_db.TestGet" name="test_fsf_libre_flag[CC0-1.0-True]" time="0.001" /><testcase classname="tests.test_license_db.TestGet" name="test_fsf_libre_flag[Unlicense-True]" time="0.001" /><testcase classname="tests.test_license_db.TestGet" name="test_allows_commercial_use_flag[MIT-True]" time="0.001" /><testcase classname="tests.test_license_db.TestGet" name="test_allows_commercial_use_flag[Apache-2.0-True]" time="0.001" /><testcase classname="tests.test_license_db.TestGet" name="test_allows_commercial_use_flag[GPL-3.0-True]" time="0.001" /><testcase classname="tests.test_license_db.TestGet" name="test_allows_commercial_use_flag[AGPL-3.0-True]" time="0.001" /><testcase classname="tests.test_license_db.TestGet" name="test_allows_commercial_use_flag[SSPL-1.0-False]" time="0.001" /><testcase classname="tests.test_license_db.TestGet" name="test_allows_commercial_use_flag[CC0-1.0-True]" time="0.001" /><testcase classname="tests.test_license_db.TestGet" name="test_allows_commercial_use_flag[Unlicense-True]" time="0.001" /><testcase classname="tests.test_license_db.TestGet" name="test_network_clause_flag[MIT-False]" time="0.001" /><testcase classname="tests.test_license_db.TestGet" name="test_network_clause_flag[Apache-2.0-False]" time="0.001" /><testcase classname="tests.test_license_db.TestGet" name="test_network_clause_flag[GPL-3.0-False]" time="0.001" /><testcase classname="tests.test_license_db.TestGet" name="test_network_clause_flag[AGPL-3.0-True]" time="0.001" /><testcase classname="tests.test_license_db.TestGet" name="test_network_clause_flag[SSPL-1.0-True]" time="0.001" /><testcase classname="tests.test_license_db.TestGet" name="test_public_domain_no_attribution_required[Unlicense]" time="0.001" /><testcase classname="tests.test_license_db.TestGet" name="test_public_domain_no_attribution_required[CC0-1.0]" time="0.000" /><testcase classname="tests.test_license_db.TestGet" name="test_get_unknown_returns_none" time="0.000" /><testcase classname="tests.test_license_db.TestGet" name="test_get_empty_string_returns_none" time="0.000" /><testcase classname="tests.test_license_db.TestGet" name="test_get_is_case_sensitive_lowercase_fails" time="0.000" /><testcase classname="tests.test_license_db.TestGet" name="test_get_is_case_sensitive_mixed_case_fails" time="0.000" /><testcase classname="tests.test_license_db.TestGet" name="test_get_is_case_sensitive_uppercase_fails" time="0.000" /><testcase classname="tests.test_license_db.TestNormalize" name="test_normalize_exact_match_returns_same_id[MIT]" time="0.000" /><testcase classname="tests.test_license_db.TestNormalize" name="test_normalize_exact_match_returns_same_id[Apache-2.0]" time="0.000" /><testcase classname="tests.test_license_db.TestNormalize" name="test_normalize_exact_match_returns_same_id[BSD-2-Clause]" time="0.001" /><testcase classname="tests.test_license_db.TestNormalize" name="test_normalize_exact_match_returns_same_id[BSD-3-Clause]" time="0.000" /><testcase classname="tests.test_license_db.TestNormalize" name="test_normalize_exact_match_returns_same_id[ISC]" time="0.000" /><testcase classname="tests.test_license_db.TestNormalize" name="test_normalize_exact_match_returns_same_id[LGPL-2.1]" time="0.001" /><testcase classname="tests.test_license_db.TestNormalize" name="test_normalize_exact_match_returns_same_id[LGPL-3.0]" time="0.000" /><testcase classname="tests.test_license_db.TestNormalize" name="test_normalize_exact_match_returns_same_id[MPL-2.0]" time="0.001" /><testcase classname="tests.test_license_db.TestNormalize" name="test_normalize_exact_match_returns_same_id[GPL-2.0]" time="0.000" /><testcase classname="tests.test_license_db.TestNormalize" name="test_normalize_exact_match_returns_same_id[GPL-3.0]" time="0.000" /><testcase classname="tests.test_license_db.TestNormalize" name="test_normalize_exact_match_returns_same_id[AGPL-3.0]" time="0.000" /><testcase classname="tests.test_license_db.TestNormalize" name="test_normalize_exact_match_returns_same_id[SSPL-1.0]" time="0.000" /><testcase classname="tests.test_license_db.TestNormalize" name="test_normalize_exact_match_returns_same_id[Unlicense]" time="0.000" /><testcase classname="tests.test_license_db.TestNormalize" name="test_normalize_exact_match_returns_same_id[CC0-1.0]" time="0.000" /><testcase classname="tests.test_license_db.TestNormalize" name="test_normalize_alias[mit-MIT]" time="0.001" /><testcase classname="tests.test_license_db.TestNormalize" name="test_normalize_alias[apache 2-Apache-2.0]" time="0.001" /><testcase classname="tests.test_license_db.TestNormalize" name="test_normalize_alias[apache 2.0-Apache-2.0]" time="0.001" /><testcase classname="tests.test_license_db.TestNormalize" name="test_normalize_alias[apache software license-Apache-2.0]" time="0.001" /><testcase classname="tests.test_license_db.TestNormalize" name="test_normalize_alias[apache license, version 2.0-Apache-2.0]" time="0.001" /><testcase classname="tests.test_license_db.TestNormalize" name="test_normalize_alias[bsd-BSD-3-Clause]" time="0.001" /><testcase classname="tests.test_license_db.TestNormalize" name="test_normalize_alias[bsd license-BSD-3-Clause]" time="0.001" /><testcase classname="tests.test_license_db.TestNormalize" name="test_normalize_alias[new bsd license-BSD-3-Clause]" time="0.001" /><testcase classname="tests.test_license_db.TestNormalize" name="test_normalize_alias[simplified bsd-BSD-2-Clause]" time="0.001" /><testcase classname="tests.test_license_db.TestNormalize" name="test_normalize_alias[isc license-ISC]" time="0.001" /><testcase classname="tests.test_license_db.TestNormalize" name="test_normalize_alias[mozilla public license 2.0-MPL-2.0]" time="0.001" /><testcase classname="tests.test_license_db.TestNormalize" name="test_normalize_alias[gpl-GPL-3.0]" time="0.001" /><testcase classname="tests.test_license_db.TestNormalize" name="test_normalize_alias[gplv2-GPL-2.0]" time="0.001" /><testcase classname="tests.test_license_db.TestNormalize" name="test_normalize_alias[gplv3-GPL-3.0]" time="0.001" /><testcase classname="tests.test_license_db.TestNormalize" name="test_normalize_alias[gnu gpl v3-GPL-3.0]" time="0.001" /><testcase classname="tests.test_license_db.TestNormalize" name="test_normalize_alias[lgpl-LGPL-3.0]" time="0.001" /><testcase classname="tests.test_license_db.TestNormalize" name="test_normalize_alias[lgplv2-LGPL-2.1]" time="0.001" /><testcase classname="tests.test_license_db.TestNormalize" name="test_normalize_alias[lgplv3-LGPL-3.0]" time="0.001" /><testcase classname="tests.test_license_db.TestNormalize" name="test_normalize_alias[agpl-AGPL-3.0]" time="0.001" /><testcase classname="tests.test_license_db.TestNormalize" name="test_normalize_alias[agplv3-AGPL-3.0]" time="0.001" /><testcase classname="tests.test_license_db.TestNormalize" name="test_normalize_alias[public domain-Unlicense]" time="0.001" /><testcase classname="tests.test_license_db.TestNormalize" name="test_normalize_alias[cc0-CC0-1.0]" time="0.001" /><testcase classname="tests.test_license_db.TestNormalize" name="test_normalize_alias[psf-PSF-2.0]" time="0.001" /><testcase classname="tests.test_license_db.TestNormalize" name="test_normalize_alias[python software foundation license-PSF-2.0]" time="0.001" /><testcase classname="tests.test_license_db.TestNormalize" name="test_normalize_alias_uppercase" time="0.000" /><testcase classname="tests.test_license_db.TestNormalize" name="test_normalize_strips_leading_whitespace" time="0.000" /><testcase classname="tests.test_license_db.TestNormalize" name="test_normalize_strips_trailing_whitespace" time="0.000" /><testcase classname="tests.test_license_db.TestNormalize" name="test_normalize_strips_both_sides" time="0.000" /><testcase classname="tests.test_license_db.TestNormalize" name="test_normalize_strips_whitespace_then_alias" time="0.000" /><testcase classname="tests.test_license_db.TestNormalize" name="test_normalize_dash_replaced_for_alias_lookup" time="0.000" /><testcase classname="tests.test_license_db.TestNormalize" name="test_normalize_unknown_returns_none" time="0.000" /><testcase classname="tests.test_license_db.TestNormalize" name="test_normalize_empty_string_returns_none" time="0.000" /><testcase classname="tests.test_license_db.TestNormalize" name="test_normalize_gibberish_returns_none" time="0.000" /><testcase classname="tests.test_license_db.TestResolve" name="test_resolve_alias_returns_license_info" time="0.001" /><testcase classname="tests.test_license_db.TestResolve" name="test_resolve_exact_spdx_id_returns_license_info" time="0.000" /><testcase classname="tests.test_license_db.TestResolve" name="test_resolve_alias_with_whitespace" time="0.000" /><testcase classname="tests.test_license_db.TestResolve" name="test_resolve_unknown_returns_none" time="0.000" /><testcase classname="tests.test_license_db.TestResolve" name="test_resolve_empty_string_returns_none" time="0.000" /><testcase classname="tests.test_license_db.TestResolve" name="test_resolve_gplv3_alias" time="0.000" /><testcase classname="tests.test_license_db.TestResolve" name="test_resolve_public_domain_alias" time="0.000" /><testcase classname="tests.test_license_db.TestCheckConflict" name="test_blocked_license_returns_error" time="0.002" /><testcase classname="tests.test_license_db.TestCheckConflict" name="test_blocked_license_reason_mentions_spdx" time="0.000" /><testcase classname="tests.test_license_db.TestCheckConflict" name="test_block_empty_list_does_not_block" time="0.000" /><testcase classname="tests.test_license_db.TestCheckConflict" name="test_block_none_does_not_block" time="0.000" /><testcase classname="tests.test_license_db.TestCheckConflict" name="test_allow_list_excludes_unlisted_license" time="0.000" /><testcase classname="tests.test_license_db.TestCheckConflict" name="test_allow_list_excludes_unlisted_reason" time="0.000" /><testcase classname="tests.test_license_db.TestCheckConflict" name="test_allow_list_permits_listed_license" time="0.000" /><testcase classname="tests.test_license_db.TestCheckConflict" name="test_allow_list_permits_apache" time="0.000" /><testcase classname="tests.test_license_db.TestCheckConflict" name="test_empty_allow_list_imposes_no_restriction" time="0.000" /><testcase classname="tests.test_license_db.TestCheckConflict" name="test_block_takes_priority_over_allow" time="0.000" /><testcase classname="tests.test_license_db.TestCheckConflict" name="test_sspl_without_policy_returns_error" time="0.000" /><testcase classname="tests.test_license_db.TestCheckConflict" name="test_sspl_error_reason_mentions_sspl" time="0.000" /><testcase classname="tests.test_license_db.TestCheckConflict" name="test_sspl_takes_precedence_over_allow_list" time="0.001" /><testcase classname="tests.test_license_db.TestCheckConflict" name="test_agpl_without_policy_returns_warning" time="0.000" /><testcase classname="tests.test_license_db.TestCheckConflict" name="test_agpl_warning_reason_mentions_network" time="0.000" /><testcase classname="tests.test_license_db.TestCheckConflict" name="test_agpl_in_allow_list_still_warns" time="0.000" /><testcase classname="tests.test_license_db.TestCheckConflict" name="test_permissive_mit_no_conflict" time="0.000" /><testcase classname="tests.test_license_db.TestCheckConflict" name="test_permissive_apache_no_conflict" time="0.000" /><testcase classname="tests.test_license_db.TestCheckConflict" name="test_permissive_bsd3_no_conflict" time="0.000" /><testcase classname="tests.test_license_db.TestCheckConflict" name="test_permissive_isc_no_conflict" time="0.000" /><testcase classname="tests.test_license_db.TestCheckConflict" name="test_unknown_spdx_not_in_block_or_allow_returns_none" time="0.000" /><testcase classname="tests.test_license_db.TestCheckConflict" name="test_completely_unknown_spdx_returns_none" time="0.000" /><testcase classname="tests.test_license_db.TestCheckConflict" name="test_gpl3_without_policy_returns_none" time="0.000" /><testcase classname="tests.test_license_db.TestCheckConflict" name="test_gpl2_without_policy_returns_none" time="0.000" /><testcase classname="tests.test_license_db.TestCheckConflict" name="test_conflict_package_name_preserved" time="0.000" /><testcase classname="tests.test_license_db.TestCheckConflict" name="test_conflict_license_spdx_preserved" time="0.000" /><testcase classname="tests.test_license_db.TestAllSpdxIds" name="test_returns_list" time="0.000" /><testcase classname="tests.test_license_db.TestAllSpdxIds" name="test_returns_at_least_14_ids" time="0.000" /><testcase classname="tests.test_license_db.TestAllSpdxIds" name="test_contains_expected_spdx_id[MIT]" time="0.001" /><testcase classname="tests.test_license_db.TestAllSpdxIds" name="test_contains_expected_spdx_id[Apache-2.0]" time="0.000" /><testcase classname="tests.test_license_db.TestAllSpdxIds" name="test_contains_expected_spdx_id[BSD-2-Clause]" time="0.000" /><testcase classname="tests.test_license_db.TestAllSpdxIds" name="test_contains_expected_spdx_id[BSD-3-Clause]" time="0.000" /><testcase classname="tests.test_license_db.TestAllSpdxIds" name="test_contains_expected_spdx_id[ISC]" time="0.000" /><testcase classname="tests.test_license_db.TestAllSpdxIds" name="test_contains_expected_spdx_id[LGPL-2.1]" time="0.000" /><testcase classname="tests.test_license_db.TestAllSpdxIds" name="test_contains_expected_spdx_id[LGPL-3.0]" time="0.000" /><testcase classname="tests.test_license_db.TestAllSpdxIds" name="test_contains_expected_spdx_id[MPL-2.0]" time="0.000" /><testcase classname="tests.test_license_db.TestAllSpdxIds" name="test_contains_expected_spdx_id[GPL-2.0]" time="0.001" /><testcase classname="tests.test_license_db.TestAllSpdxIds" name="test_contains_expected_spdx_id[GPL-3.0]" time="0.000" /><testcase classname="tests.test_license_db.TestAllSpdxIds" name="test_contains_expected_spdx_id[AGPL-3.0]" time="0.000" /><testcase classname="tests.test_license_db.TestAllSpdxIds" name="test_contains_expected_spdx_id[SSPL-1.0]" time="0.000" /><testcase classname="tests.test_license_db.TestAllSpdxIds" name="test_contains_expected_spdx_id[Unlicense]" time="0.000" /><testcase classname="tests.test_license_db.TestAllSpdxIds" name="test_contains_expected_spdx_id[CC0-1.0]" time="0.001" /><testcase classname="tests.test_license_db.TestAllSpdxIds" name="test_ids_are_strings" time="0.000" /><testcase classname="tests.test_license_db.TestAllSpdxIds" name="test_no_duplicate_ids" time="0.000" /><testcase classname="tests.test_license_db.TestAllSpdxIds" name="test_all_ids_are_retrievable" time="0.000" /><testcase classname="tests.test_models.TestLicenseInfo" name="test_is_permissive_true_only_for_permissive[permissive]" time="0.000" /><testcase classname="tests.test_models.TestLicenseInfo" name="test_is_permissive_true_only_for_permissive[weak_copyleft]" time="0.000" /><testcase classname="tests.test_models.TestLicenseInfo" name="test_is_permissive_true_only_for_permissive[strong_copyleft]" time="0.000" /><testcase classname="tests.test_models.TestLicenseInfo" name="test_is_permissive_true_only_for_permissive[network_copyleft]" time="0.000" /><testcase classname="tests.test_models.TestLicenseInfo" name="test_is_permissive_true_only_for_permissive[proprietary]" time="0.001" /><testcase classname="tests.test_models.TestLicenseInfo" name="test_is_permissive_true_only_for_permissive[public_domain]" time="0.000" /><testcase classname="tests.test_models.TestLicenseInfo" name="test_is_permissive_true_only_for_permissive[unknown]" time="0.000" /><testcase classname="tests.test_models.TestLicenseInfo" name="test_is_permissive_mit_like" time="0.000" /><testcase classname="tests.test_models.TestLicenseInfo" name="test_is_permissive_gpl_false" time="0.000" /><testcase classname="tests.test_models.TestLicenseInfo" name="test_is_permissive_public_domain_false" time="0.000" /><testcase classname="tests.test_models.TestLicenseInfo" name="test_is_permissive_unknown_false" time="0.000" /><testcase classname="tests.test_models.TestLicenseInfo" name="test_is_permissive_proprietary_false" time="0.000" /><testcase classname="tests.test_models.TestLicenseInfo" name="test_is_copyleft_true_only_for_copyleft_families[permissive]" time="0.000" /><testcase classname="tests.test_models.TestLicenseInfo" name="test_is_copyleft_true_only_for_copyleft_families[weak_copyleft]" time="0.000" /><testcase classname="tests.test_models.TestLicenseInfo" name="test_is_copyleft_true_only_for_copyleft_families[strong_copyleft]" time="0.000" /><testcase classname="tests.test_models.TestLicenseInfo" name="test_is_copyleft_true_only_for_copyleft_families[network_copyleft]" time="0.000" /><testcase classname="tests.test_models.TestLicenseInfo" name="test_is_copyleft_true_only_for_copyleft_families[proprietary]" time="0.000" /><testcase classname="tests.test_models.TestLicenseInfo" name="test_is_copyleft_true_only_for_copyleft_families[public_domain]" time="0.000" /><testcase classname="tests.test_models.TestLicenseInfo" name="test_is_copyleft_true_only_for_copyleft_families[unknown]" time="0.000" /><testcase classname="tests.test_models.TestLicenseInfo" name="test_is_copyleft_weak_copyleft_true" time="0.000" /><testcase classname="tests.test_models.TestLicenseInfo" name="test_is_copyleft_strong_copyleft_true" time="0.000" /><testcase classname="tests.test_models.TestLicenseInfo" name="test_is_copyleft_network_copyleft_true" time="0.000" /><testcase classname="tests.test_models.TestLicenseInfo" name="test_is_copyleft_permissive_false" time="0.000" /><testcase classname="tests.test_models.TestLicenseInfo" name="test_is_copyleft_public_domain_false" time="0.000" /><testcase classname="tests.test_models.TestLicenseInfo" name="test_is_copyleft_proprietary_false" time="0.000" /><testcase classname="tests.test_models.TestLicenseInfo" name="test_is_copyleft_unknown_false" time="0.000" /><testcase classname="tests.test_models.TestLicenseInfo" name="test_default_osi_approved_is_false" time="0.000" /><testcase classname="tests.test_models.TestLicenseInfo" name="test_default_fsf_libre_is_false" time="0.000" /><testcase classname="tests.test_models.TestLicenseInfo" name="test_default_allows_commercial_use_is_true" time="0.000" /><testcase classname="tests.test_models.TestLicenseInfo" name="test_default_requires_attribution_is_false" time="0.000" /><testcase classname="tests.test_models.TestLicenseInfo" name="test_default_requires_share_alike_is_false" time="0.000" /><testcase classname="tests.test_models.TestLicenseInfo" name="test_default_network_clause_is_false" time="0.000" /><testcase classname="tests.test_models.TestLicenseInfo" name="test_default_url_is_none" time="0.000" /><testcase classname="tests.test_models.TestLicenseInfo" name="test_explicit_fields_are_stored" time="0.000" /><testcase classname="tests.test_models.TestLicenseInfo" name="test_network_clause_true_stored" time="0.000" /><testcase classname="tests.test_models.TestDependencyInfo" name="test_display_name_format" time="0.000" /><testcase classname="tests.test_models.TestDependencyInfo" name="test_display_name_with_semver" time="0.000" /><testcase classname="tests.test_models.TestDependencyInfo" name="test_display_name_with_pre_release" time="0.000" /><testcase classname="tests.test_models.TestDependencyInfo" name="test_display_name_name_component" time="0.000" /><testcase classname="tests.test_models.TestDependencyInfo" name="test_display_name_version_component" time="0.000" /><testcase classname="tests.test_models.TestDependencyInfo" name="test_default_license_spdx_is_none" time="0.000" /><testcase classname="tests.test_models.TestDependencyInfo" name="test_default_license_info_is_none" time="0.000" /><testcase classname="tests.test_models.TestDependencyInfo" name="test_default_is_direct_is_true" time="0.000" /><testcase classname="tests.test_models.TestDependencyInfo" name="test_default_homepage_is_none" time="0.000" /><testcase classname="tests.test_models.TestDependencyInfo" name="test_default_repository_is_none" time="0.000" /><testcase classname="tests.test_models.TestDependencyInfo" name="test_default_author_is_none" time="0.000" /><testcase classname="tests.test_models.TestDependencyInfo" name="test_default_description_is_none" time="0.000" /><testcase classname="tests.test_models.TestDependencyInfo" name="test_dep_factory_with_spdx_sets_license_info" time="0.000" /><testcase classname="tests.test_models.TestDependencyInfo" name="test_dep_factory_without_spdx_leaves_license_info_none" time="0.000" /><testcase classname="tests.test_models.TestDependencyInfo" name="test_dep_factory_is_direct_false" time="0.000" /><testcase classname="tests.test_models.TestDependencyInfo" name="test_dep_factory_family_stored_on_license_info" time="0.000" /><testcase classname="tests.test_models.TestComplianceReport" name="test_has_errors_true_when_error_conflict_present" time="0.006" /><testcase classname="tests.test_models.TestComplianceReport" name="test_has_errors_false_when_no_conflicts" time="0.000" /><testcase classname="tests.test_models.TestComplianceReport" name="test_has_errors_false_when_only_warnings" time="0.001" /><testcase classname="tests.test_models.TestComplianceReport" name="test_has_errors_false_when_only_info" time="0.000" /><testcase classname="tests.test_models.TestComplianceReport" name="test_has_errors_true_with_multiple_conflicts_including_error" time="0.000" /><testcase classname="tests.test_models.TestComplianceReport" name="test_has_warnings_true_when_warning_conflict_present" time="0.002" /><testcase classname="tests.test_models.TestComplianceReport" name="test_has_warnings_false_when_no_conflicts" time="0.000" /><testcase classname="tests.test_models.TestComplianceReport" name="test_has_warnings_false_when_only_errors" time="0.000" /><testcase classname="tests.test_models.TestComplianceReport" name="test_has_warnings_false_when_only_info" time="0.000" /><testcase classname="tests.test_models.TestComplianceReport" name="test_has_errors_and_has_warnings_can_both_be_true" time="0.000" /><testcase classname="tests.test_models.TestComplianceReport" name="test_multiple_errors_has_errors_true" time="0.000" /><testcase classname="tests.test_models.TestComplianceReport" name="test_empty_report_has_zero_total_dependencies" time="0.000" /><testcase classname="tests.test_models.TestComplianceReport" name="test_empty_report_has_zero_direct_dependencies" time="0.000" /><testcase classname="tests.test_models.TestComplianceReport" name="test_empty_report_has_empty_dependencies_list" time="0.000" /><testcase classname="tests.test_models.TestComplianceReport" name="test_empty_report_has_empty_conflicts_list" time="0.000" /><testcase classname="tests.test_models.TestComplianceReport" name="test_empty_report_has_errors_false" time="0.000" /><testcase classname="tests.test_models.TestComplianceReport" name="test_empty_report_has_warnings_false" time="0.000" /><testcase classname="tests.test_models.TestComplianceReport" name="test_empty_report_license_families_is_empty_dict" time="0.001" /><testcase classname="tests.test_models.TestComplianceReport" name="test_license_families_groups_by_family_string" time="0.000" /><testcase classname="tests.test_models.TestComplianceReport" name="test_license_families_excludes_deps_without_license_info" time="0.000" /><testcase classname="tests.test_models.TestComplianceReport" name="test_license_families_only_deps_without_license_info_returns_empty" time="0.000" /><testcase classname="tests.test_models.TestComplianceReport" name="test_license_families_multiple_per_family" time="0.000" /><testcase classname="tests.test_models.TestComplianceReport" name="test_license_families_returns_dict" time="0.000" /><testcase classname="tests.test_models.TestComplianceReport" name="test_license_families_family_value_is_string" time="0.000" /><testcase classname="tests.test_models.TestComplianceReport" name="test_license_families_mixed_known_and_unknown_deps" time="0.000" /><testcase classname="tests.test_models.TestComplianceReport" name="test_project_name_stored" time="0.000" /><testcase classname="tests.test_models.TestComplianceReport" name="test_project_name_none" time="0.001" /><testcase classname="tests.test_models.TestComplianceReport" name="test_total_dependencies_count" time="0.000" /><testcase classname="tests.test_models.TestComplianceReport" name="test_direct_dependencies_count" time="0.000" /><testcase classname="tests.test_package_resolver.TestResolveInstalled" name="test_returns_a_list" time="0.024" /><testcase classname="tests.test_package_resolver.TestResolveInstalled" name="test_all_items_are_dependency_info" time="0.020" /><testcase classname="tests.test_package_resolver.TestResolveInstalled" name="test_all_items_have_non_empty_name" time="0.020" /><testcase classname="tests.test_package_resolver.TestResolveInstalled" name="test_all_items_have_non_empty_version" time="0.021" /><testcase classname="tests.test_package_resolver.TestResolveInstalled" name="test_result_is_non_empty" time="0.020" /><testcase classname="tests.test_package_resolver.TestResolveInstalled" name="test_pytest_present_in_results" time="0.020" /><testcase classname="tests.test_package_resolver.TestResolveInstalled" name="test_pypi_url_format_when_set" time="0.019" /><testcase classname="tests.test_package_resolver.TestResolveInstalled" name="test_pypi_url_references_package_name" time="0.020" /><testcase classname="tests.test_package_resolver.TestResolveFromRequirements" name="test_resolves_pytest_from_requirements" time="0.007" /><testcase classname="tests.test_package_resolver.TestResolveFromRequirements" name="test_resolves_pydantic_from_requirements" time="0.003" /><testcase classname="tests.test_package_resolver.TestResolveFromRequirements" name="test_all_returned_items_are_direct" time="0.002" /><testcase classname="tests.test_package_resolver.TestResolveFromRequirements" name="test_missing_package_returns_version_unknown" time="0.001" /><testcase classname="tests.test_package_resolver.TestResolveFromRequirements" name="test_missing_package_preserves_name" time="0.001" /><testcase classname="tests.test_package_resolver.TestResolveFromRequirements" name="test_comment_lines_are_ignored" time="0.002" /><testcase classname="tests.test_package_resolver.TestResolveFromRequirements" name="test_blank_lines_are_ignored" time="0.002" /><testcase classname="tests.test_package_resolver.TestResolveFromRequirements" name="test_comment_does_not_appear_as_package" time="0.001" /><testcase classname="tests.test_package_resolver.TestResolveFromRequirements" name="test_version_pinned_with_eq_eq_is_stripped" time="0.002" /><testcase classname="tests.test_package_resolver.TestResolveFromRequirements" name="test_version_pinned_with_eq_eq_resolves_correct_package" time="0.001" /><testcase classname="tests.test_package_resolver.TestResolveFromRequirements" name="test_version_pinned_with_gte_is_stripped" time="0.002" /><testcase classname="tests.test_package_resolver.TestResolveFromRequirements" name="test_version_pinned_with_gte_resolves_correct_package" time="0.002" /><testcase classname="tests.test_package_resolver.TestResolveFromRequirements" name="test_returns_list_of_dependency_info" time="0.004" /><testcase classname="tests.test_package_resolver.TestFromDistribution" name="test_from_distribution_pydantic_returns_dependency_info" time="0.002" /><testcase classname="tests.test_package_resolver.TestFromDistribution" name="test_from_distribution_pydantic_name_is_pydantic" time="0.002" /><testcase classname="tests.test_package_resolver.TestFromDistribution" name="test_from_distribution_pydantic_version_non_empty" time="0.002" /><testcase classname="tests.test_package_resolver.TestFromDistribution" name="test_from_distribution_pytest_returns_something" time="0.001" /><testcase classname="tests.test_package_resolver.TestFromDistribution" name="test_from_distribution_pytest_name_when_returned" time="0.001" /><testcase classname="tests.test_package_resolver.TestFromDistribution" name="test_custom_license_database_stored_on_resolver" time="0.000" /><testcase classname="tests.test_package_resolver.TestFromDistribution" name="test_default_license_database_created_when_none_passed" time="0.000" /><testcase classname="tests.test_package_resolver.TestFromDistribution" name="test_from_distribution_pypi_url_set_for_known_package" time="0.002" /><testcase classname="tests.test_policy_yaml.TestVigilYamlStructure" name="test_file_exists" time="0.000" /><testcase classname="tests.test_policy_yaml.TestVigilYamlStructure" name="test_file_is_a_regular_file" time="0.000" /><testcase classname="tests.test_policy_yaml.TestVigilYamlStructure" name="test_loads_as_non_none_dict" time="0.008" /><testcase classname="tests.test_policy_yaml.TestVigilYamlStructure" name="test_has_top_level_policy_key" time="0.009" /><testcase classname="tests.test_policy_yaml.TestVigilYamlStructure" name="test_policy_has_allow_key" time="0.008" /><testcase classname="tests.test_policy_yaml.TestVigilYamlStructure" name="test_policy_has_block_key" time="0.008" /><testcase classname="tests.test_policy_yaml.TestVigilYamlStructure" name="test_policy_has_warn_key" time="0.008" /><testcase classname="tests.test_policy_yaml.TestVigilYamlStructure" name="test_allow_is_a_list" time="0.008" /><testcase classname="tests.test_policy_yaml.TestVigilYamlStructure" name="test_block_is_a_list" time="0.008" /><testcase classname="tests.test_policy_yaml.TestVigilYamlStructure" name="test_warn_is_a_list" time="0.008" /><testcase classname="tests.test_policy_yaml.TestVigilYamlStructure" name="test_allow_contains_only_strings" time="0.007" /><testcase classname="tests.test_policy_yaml.TestVigilYamlStructure" name="test_block_contains_only_strings" time="0.009" /><testcase classname="tests.test_policy_yaml.TestVigilYamlStructure" name="test_warn_contains_only_strings" time="0.008" /><testcase classname="tests.test_policy_yaml.TestVigilYamlStructure" name="test_fail_on_unknown_is_bool_when_present" time="0.008" /><testcase classname="tests.test_policy_yaml.TestVigilYamlStructure" name="test_allow_list_is_non_empty" time="0.008" /><testcase classname="tests.test_policy_yaml.TestVigilYamlStructure" name="test_block_list_is_non_empty" time="0.009" /><testcase classname="tests.test_policy_yaml.TestVigilYamlStructure" name="test_warn_list_is_non_empty" time="0.008" /><testcase classname="tests.test_policy_yaml.TestVigilYamlContent" name="test_allow_contains_mit" time="0.007" /><testcase classname="tests.test_policy_yaml.TestVigilYamlContent" name="test_allow_contains_apache_2_0" time="0.008" /><testcase classname="tests.test_policy_yaml.TestVigilYamlContent" name="test_allow_contains_bsd_3_clause" time="0.009" /><testcase classname="tests.test_policy_yaml.TestVigilYamlContent" name="test_allow_contains_isc" time="0.007" /><testcase classname="tests.test_policy_yaml.TestVigilYamlContent" name="test_allow_contains_unlicense" time="0.008" /><testcase classname="tests.test_policy_yaml.TestVigilYamlContent" name="test_allow_contains_cc0_1_0" time="0.007" /><testcase classname="tests.test_policy_yaml.TestVigilYamlContent" name="test_allow_has_at_least_30_entries" time="0.008" /><testcase classname="tests.test_policy_yaml.TestVigilYamlContent" name="test_block_contains_gpl_2_0" time="0.008" /><testcase classname="tests.test_policy_yaml.TestVigilYamlContent" name="test_block_contains_gpl_3_0" time="0.008" /><testcase classname="tests.test_policy_yaml.TestVigilYamlContent" name="test_block_contains_agpl_3_0" time="0.008" /><testcase classname="tests.test_policy_yaml.TestVigilYamlContent" name="test_block_contains_sspl_1_0" time="0.008" /><testcase classname="tests.test_policy_yaml.TestVigilYamlContent" name="test_block_contains_gpl_2_0_only" time="0.008" /><testcase classname="tests.test_policy_yaml.TestVigilYamlContent" name="test_block_contains_gpl_3_0_only" time="0.008" /><testcase classname="tests.test_policy_yaml.TestVigilYamlContent" name="test_block_contains_agpl_3_0_only" time="0.009" /><testcase classname="tests.test_policy_yaml.TestVigilYamlContent" name="test_warn_contains_lgpl_2_1" time="0.008" /><testcase classname="tests.test_policy_yaml.TestVigilYamlContent" name="test_warn_contains_lgpl_3_0" time="0.008" /><testcase classname="tests.test_policy_yaml.TestVigilYamlContent" name="test_warn_contains_mpl_2_0" time="0.008" /><testcase classname="tests.test_policy_yaml.TestVigilYamlContent" name="test_warn_contains_epl" time="0.008" /><testcase classname="tests.test_policy_yaml.TestVigilYamlContent" name="test_allow_has_no_duplicates" time="0.008" /><testcase classname="tests.test_policy_yaml.TestVigilYamlContent" name="test_block_has_no_duplicates" time="0.008" /><testcase classname="tests.test_policy_yaml.TestVigilYamlContent" name="test_warn_has_no_duplicates" time="0.008" /><testcase classname="tests.test_policy_yaml.TestVigilYamlContent" name="test_allow_and_block_are_disjoint" time="0.008" /><testcase classname="tests.test_policy_yaml.TestVigilYamlContent" name="test_warn_and_block_are_disjoint" time="0.008" /><testcase classname="tests.test_policy_yaml.TestVigilYamlContent" name="test_allow_and_warn_are_disjoint" time="0.008" /><testcase classname="tests.test_policy_yaml.TestVigilYamlLoadedAsPolicy" name="test_from_yaml_loads_without_error" time="0.012" /><testcase classname="tests.test_policy_yaml.TestVigilYamlLoadedAsPolicy" name="test_loaded_policy_allow_has_at_least_30_items" time="0.009" /><testcase classname="tests.test_policy_yaml.TestVigilYamlLoadedAsPolicy" name="test_loaded_policy_allow_contains_mit" time="0.008" /><testcase classname="tests.test_policy_yaml.TestVigilYamlLoadedAsPolicy" name="test_loaded_policy_allow_contains_apache" time="0.008" /><testcase classname="tests.test_policy_yaml.TestVigilYamlLoadedAsPolicy" name="test_loaded_policy_block_contains_gpl_3_0" time="0.009" /><testcase classname="tests.test_policy_yaml.TestVigilYamlLoadedAsPolicy" name="test_loaded_policy_block_contains_agpl_3_0" time="0.008" /><testcase classname="tests.test_policy_yaml.TestVigilYamlLoadedAsPolicy" name="test_loaded_policy_warn_contains_lgpl_2_1" time="0.008" /><testcase classname="tests.test_policy_yaml.TestVigilYamlLoadedAsPolicy" name="test_loaded_policy_warn_contains_mpl_2_0" time="0.008" /><testcase classname="tests.test_policy_yaml.TestVigilYamlLoadedAsPolicy" name="test_loaded_policy_fail_on_unknown_is_false" time="0.009" /><testcase classname="tests.test_policy_yaml.TestVigilYamlLoadedAsPolicy" name="test_check_conflict_gpl_blocked_returns_error" time="0.008" /><testcase classname="tests.test_policy_yaml.TestVigilYamlLoadedAsPolicy" name="test_check_conflict_gpl_blocked_package_name_preserved" time="0.008" /><testcase classname="tests.test_policy_yaml.TestVigilYamlLoadedAsPolicy" name="test_check_conflict_mit_allowed_returns_none" time="0.008" /><testcase classname="tests.test_policy_yaml.TestVigilYamlLoadedAsPolicy" name="test_check_conflict_apache_allowed_returns_none" time="0.008" /><testcase classname="tests.test_policy_yaml.TestVigilYamlLoadedAsPolicy" name="test_check_conflict_agpl_blocked_returns_error" time="0.008" /><testcase classname="tests.test_policy_yaml.TestVigilYamlLoadedAsPolicy" name="test_loaded_policy_block_non_empty" time="0.008" /><testcase classname="tests.test_policy_yaml.TestVigilYamlLoadedAsPolicy" name="test_loaded_policy_warn_non_empty" time="0.007" /><testcase classname="tests.test_reporter.TestJSONReport" name="test_render_json_returns_valid_json_string" time="0.001" /><testcase classname="tests.test_reporter.TestJSONReport" name="test_render_json_has_total_dependencies_key" time="0.001" /><testcase classname="tests.test_reporter.TestJSONReport" name="test_render_json_has_conflicts_key" time="0.001" /><testcase classname="tests.test_reporter.TestJSONReport" name="test_render_json_has_license_summary_key" time="0.001" /><testcase classname="tests.test_reporter.TestJSONReport" name="test_render_json_has_project_name_key" time="0.001" /><testcase classname="tests.test_reporter.TestJSONReport" name="test_render_json_project_name_value_preserved" time="0.001" /><testcase classname="tests.test_reporter.TestJSONReport" name="test_render_json_project_name_none_for_unnamed_report" time="0.000" /><testcase classname="tests.test_reporter.TestJSONReport" name="test_render_json_conflicts_array_correct_length" time="0.001" /><testcase classname="tests.test_reporter.TestJSONReport" name="test_render_json_conflict_has_package_field" time="0.000" /><testcase classname="tests.test_reporter.TestJSONReport" name="test_render_json_conflict_has_license_spdx_field" time="0.001" /><testcase classname="tests.test_reporter.TestJSONReport" name="test_render_json_conflict_severity_is_string_error" time="0.001" /><testcase classname="tests.test_reporter.TestJSONReport" name="test_render_json_conflict_severity_is_string_warning" time="0.001" /><testcase classname="tests.test_reporter.TestJSONReport" name="test_render_json_total_dependencies_correct" time="0.001" /><testcase classname="tests.test_reporter.TestJSONReport" name="test_generate_report_json_returns_same_as_render_json" time="0.006" /><testcase classname="tests.test_reporter.TestJSONReport" name="test_generate_report_json_writes_file" time="0.001" /><testcase classname="tests.test_reporter.TestJSONReport" name="test_generate_report_json_file_contains_valid_json" time="0.001" /><testcase classname="tests.test_reporter.TestJSONReport" name="test_generate_report_json_file_has_project_name" time="0.001" /><testcase classname="tests.test_reporter.TestJSONReport" name="test_generate_report_json_empty_report" time="0.000" /><testcase classname="tests.test_reporter.TestJSONReport" name="test_render_json_multi_conflicts_length" time="0.001" /><testcase classname="tests.test_reporter.TestHTMLReport" name="test_render_html_returns_non_empty_string" time="0.028" /><testcase classname="tests.test_reporter.TestHTMLReport" name="test_render_html_contains_doctype" time="0.006" /><testcase classname="tests.test_reporter.TestHTMLReport" name="test_render_html_contains_project_name_when_present" time="0.006" /><testcase classname="tests.test_reporter.TestHTMLReport" name="test_render_html_project_name_absent_when_none" time="0.006" /><testcase classname="tests.test_reporter.TestHTMLReport" name="test_render_html_contains_package_name_when_conflicts" time="0.006" /><testcase classname="tests.test_reporter.TestHTMLReport" name="test_render_html_contains_spdx_id_when_conflicts" time="0.006" /><testcase classname="tests.test_reporter.TestHTMLReport" name="test_render_html_empty_report_has_no_conflicts_text" time="0.006" /><testcase classname="tests.test_reporter.TestHTMLReport" name="test_render_html_with_warnings_contains_package_name" time="0.006" /><testcase classname="tests.test_reporter.TestHTMLReport" name="test_render_html_with_warnings_contains_spdx_id" time="0.015" /><testcase classname="tests.test_reporter.TestHTMLReport" name="test_render_html_multi_conflicts_contains_all_packages" time="0.007" /><testcase classname="tests.test_reporter.TestHTMLReport" name="test_generate_report_html_returns_same_html" time="0.013" /><testcase classname="tests.test_reporter.TestHTMLReport" name="test_generate_report_html_writes_file" time="0.006" /><testcase classname="tests.test_reporter.TestHTMLReport" name="test_generate_report_html_file_contains_doctype" time="0.007" /><testcase classname="tests.test_reporter.TestHTMLReport" name="test_generate_report_html_file_contains_project_name" time="0.006" /><testcase classname="tests.test_reporter.TestHTMLReport" name="test_render_html_contains_html_tags" time="0.006" /><testcase classname="tests.test_reporter.TestTerminalReport" name="test_generate_report_terminal_returns_empty_string" time="0.015" /><testcase classname="tests.test_reporter.TestTerminalReport" name="test_generate_report_terminal_does_not_raise_for_empty_report" time="0.002" /><testcase classname="tests.test_reporter.TestTerminalReport" name="test_generate_report_terminal_does_not_raise_for_errors" time="0.005" /><testcase classname="tests.test_reporter.TestTerminalReport" name="test_generate_report_terminal_does_not_raise_for_warnings" time="0.004" /><testcase classname="tests.test_reporter.TestTerminalReport" name="test_generate_report_terminal_does_not_raise_for_multi" time="0.005" /><testcase classname="tests.test_reporter.TestTerminalReport" name="test_generate_report_terminal_returns_string_type" time="0.002" /><testcase classname="tests.test_reporter.TestTerminalReport" name="test_generate_report_terminal_does_not_write_file" time="0.002" /><testcase classname="tests.test_reporter.TestReportFormat" name="test_terminal_value_is_string_terminal" time="0.000" /><testcase classname="tests.test_reporter.TestReportFormat" name="test_json_value_is_string_json" time="0.000" /><testcase classname="tests.test_reporter.TestReportFormat" name="test_html_value_is_string_html" time="0.000" /><testcase classname="tests.test_reporter.TestReportFormat" name="test_terminal_is_str_subclass" time="0.000" /><testcase classname="tests.test_reporter.TestReportFormat" name="test_json_is_str_subclass" time="0.000" /><testcase classname="tests.test_reporter.TestReportFormat" name="test_html_is_str_subclass" time="0.000" /><testcase classname="tests.test_reporter.TestReportFormat" name="test_all_three_formats_distinct" time="0.000" /><testcase classname="tests.test_scanner.TestLicensePolicy" name="test_defaults_allow_is_none" time="0.000" /><testcase classname="tests.test_scanner.TestLicensePolicy" name="test_defaults_block_is_empty_list" time="0.000" /><testcase classname="tests.test_scanner.TestLicensePolicy" name="test_defaults_warn_is_empty_list" time="0.000" /><testcase classname="tests.test_scanner.TestLicensePolicy" name="test_defaults_fail_on_unknown_is_false" time="0.000" /><testcase classname="tests.test_scanner.TestLicensePolicy" name="test_from_dict_full_allow" time="0.000" /><testcase classname="tests.test_scanner.TestLicensePolicy" name="test_from_dict_full_block" time="0.000" /><testcase classname="tests.test_scanner.TestLicensePolicy" name="test_from_dict_full_warn" time="0.000" /><testcase classname="tests.test_scanner.TestLicensePolicy" name="test_from_dict_full_fail_on_unknown_true" time="0.000" /><testcase classname="tests.test_scanner.TestLicensePolicy" name="test_from_dict_minimal_block_only" time="0.000" /><testcase classname="tests.test_scanner.TestLicensePolicy" name="test_from_dict_minimal_empty_policy" time="0.000" /><testcase classname="tests.test_scanner.TestLicensePolicy" name="test_from_dict_flat_allow" time="0.000" /><testcase classname="tests.test_scanner.TestLicensePolicy" name="test_from_dict_flat_block" time="0.000" /><testcase classname="tests.test_scanner.TestLicensePolicy" name="test_from_dict_flat_warn" time="0.000" /><testcase classname="tests.test_scanner.TestLicensePolicy" name="test_from_dict_missing_policy_key_uses_flat_fallback" time="0.000" /><testcase classname="tests.test_scanner.TestLicensePolicy" name="test_from_yaml_loads_allow" time="0.002" /><testcase classname="tests.test_scanner.TestLicensePolicy" name="test_from_yaml_loads_block" time="0.001" /><testcase classname="tests.test_scanner.TestLicensePolicy" name="test_from_yaml_loads_warn" time="0.001" /><testcase classname="tests.test_scanner.TestLicensePolicy" name="test_from_yaml_loads_fail_on_unknown" time="0.001" /><testcase classname="tests.test_scanner.TestLicensePolicy" name="test_from_yaml_missing_file_raises_file_not_found" time="0.001" /><testcase classname="tests.test_scanner.TestLicenseScannerMocked" name="test_clean_scan_all_mit_no_conflicts" time="0.036" /><testcase classname="tests.test_scanner.TestLicenseScannerMocked" name="test_empty_dep_list_zero_conflicts" time="0.008" /><testcase classname="tests.test_scanner.TestLicenseScannerMocked" name="test_blocked_license_yields_error_conflict" time="0.007" /><testcase classname="tests.test_scanner.TestLicenseScannerMocked" name="test_blocked_license_conflict_has_correct_package" time="0.007" /><testcase classname="tests.test_scanner.TestLicenseScannerMocked" name="test_blocked_license_conflict_has_correct_spdx_id" time="0.007" /><testcase classname="tests.test_scanner.TestLicenseScannerMocked" name="test_warn_list_yields_warning_not_error" time="0.008" /><testcase classname="tests.test_scanner.TestLicenseScannerMocked" name="test_warn_list_conflict_has_correct_package" time="0.007" /><testcase classname="tests.test_scanner.TestLicenseScannerMocked" name="test_warn_overrides_allow_missing_gives_warning_not_error" time="0.007" /><testcase classname="tests.test_scanner.TestLicenseScannerMocked" name="test_warn_check_runs_before_allow_check_no_error_produced" time="0.007" /><testcase classname="tests.test_scanner.TestLicenseScannerMocked" name="test_allow_list_permits_exact_match_no_conflict" time="0.008" /><testcase classname="tests.test_scanner.TestLicenseScannerMocked" name="test_allow_list_blocks_unlisted_license_error" time="0.008" /><testcase classname="tests.test_scanner.TestLicenseScannerMocked" name="test_unknown_license_fail_on_unknown_false_no_conflict" time="0.008" /><testcase classname="tests.test_scanner.TestLicenseScannerMocked" name="test_unknown_license_fail_on_unknown_false_added_to_unknown_list" time="0.007" /><testcase classname="tests.test_scanner.TestLicenseScannerMocked" name="test_unknown_license_fail_on_unknown_true_yields_error" time="0.008" /><testcase classname="tests.test_scanner.TestLicenseScannerMocked" name="test_unknown_license_fail_on_unknown_true_conflict_has_package_name" time="0.008" /><testcase classname="tests.test_scanner.TestLicenseScannerMocked" name="test_agpl_no_explicit_policy_yields_network_copyleft_warning" time="0.007" /><testcase classname="tests.test_scanner.TestLicenseScannerMocked" name="test_agpl_no_explicit_policy_conflict_mentions_network" time="0.008" /><testcase classname="tests.test_scanner.TestLicenseScannerMocked" name="test_license_summary_counts_mit_correctly" time="0.008" /><testcase classname="tests.test_scanner.TestLicenseScannerMocked" name="test_license_summary_counts_apache_correctly" time="0.008" /><testcase classname="tests.test_scanner.TestLicenseScannerMocked" name="test_license_summary_does_not_count_unknown_deps" time="0.007" /><testcase classname="tests.test_scanner.TestLicenseScannerMocked" name="test_multiple_conflicts_correct_count" time="0.007" /><testcase classname="tests.test_scanner.TestLicenseScannerMocked" name="test_multiple_conflicts_contains_error_severity" time="0.007" /><testcase classname="tests.test_scanner.TestLicenseScannerMocked" name="test_multiple_conflicts_contains_warning_severity" time="0.008" /><testcase classname="tests.test_scanner.TestLicenseScannerMocked" name="test_direct_vs_transitive_total_count" time="0.008" /><testcase classname="tests.test_scanner.TestLicenseScannerMocked" name="test_direct_vs_transitive_direct_count" time="0.007" /><testcase classname="tests.test_scanner.TestLicenseScannerMocked" name="test_project_name_passes_through_to_report" time="0.007" /><testcase classname="tests.test_scanner.TestLicenseScannerMocked" name="test_project_name_none_when_not_provided" time="0.008" /><testcase classname="tests.test_scanner.TestLicenseScannerRealInstall" name="test_scan_installed_returns_compliance_report" time="11.514" /><testcase classname="tests.test_scanner.TestLicenseScannerRealInstall" name="test_scan_installed_total_dependencies_non_negative" time="1.829" /><testcase classname="tests.test_scanner.TestLicenseScannerRealInstall" name="test_scan_installed_finds_pytest" time="11.672" /><testcase classname="tests.test_scanner.TestLicenseScannerRealInstall" name="test_scan_from_requirements_returns_at_least_one_dep" time="0.234" /><testcase classname="tests.test_scanner.TestLicenseScannerRealInstall" name="test_scan_from_requirements_finds_pytest" time="0.209" /><testcase classname="tests.test_vigil.TestLicenseDatabase" name="test_get_known_license" time="0.002" /><testcase classname="tests.test_vigil.TestLicenseDatabase" name="test_get_unknown_license" time="0.002" /><testcase classname="tests.test_vigil.TestLicenseDatabase" name="test_normalize_exact" time="0.002" /><testcase classname="tests.test_vigil.TestLicenseDatabase" name="test_normalize_alias" time="0.002" /><testcase classname="tests.test_vigil.TestLicenseDatabase" name="test_normalize_unknown" time="0.002" /><testcase classname="tests.test_vigil.TestLicenseDatabase" name="test_no_conflict_for_permissive" time="0.002" /><testcase classname="tests.test_vigil.TestLicenseDatabase" name="test_conflict_blocked_license" time="0.002" /><testcase classname="tests.test_vigil.TestLicenseDatabase" name="test_conflict_not_in_allowlist" time="0.002" /><testcase classname="tests.test_vigil.TestLicenseDatabase" name="test_allowed_license_passes" time="0.002" /><testcase classname="tests.test_vigil.TestLicenseDatabase" name="test_agpl_warns_by_default" time="0.002" /><testcase classname="tests.test_vigil.TestLicenseDatabase" name="test_all_spdx_ids" time="0.001" /><testcase classname="tests.test_vigil.TestLicenseInfo" name="test_is_permissive" time="0.001" /><testcase classname="tests.test_vigil.TestLicenseInfo" name="test_is_copyleft" time="0.001" /><testcase classname="tests.test_vigil.TestLicenseScanner" name="test_scanner_runs" time="1.920" /><testcase classname="tests.test_vigil.TestLicenseScanner" name="test_policy_blocks_trigger_errors" time="0.008" /></testsuite></testsuites>